  [4;36;1mSQL (0.2ms)[0m   [0;1mSET NAMES 'utf8'[0m
  [4;35;1mSQL (0.1ms)[0m   [0mSET SQL_AUTO_IS_NULL=0[0m
  [4;36;1mSQL (0.3ms)[0m   [0;1mSHOW TABLES[0m
  [4;35;1mSQL (144.1ms)[0m   [0mCREATE TABLE `schema_migrations` (`version` varchar(255) NOT NULL) ENGINE=InnoDB[0m
  [4;36;1mSQL (324.3ms)[0m   [0;1mCREATE UNIQUE INDEX `unique_schema_migrations` ON `schema_migrations` (`version`)[0m
  [4;35;1mSQL (0.3ms)[0m   [0mSHOW TABLES[0m
  [4;36;1mSQL (0.3ms)[0m   [0;1mSELECT version FROM schema_migrations[0m
Migrating to CreateSubmissions (20100206220139)
  [4;35;1mSQL (171.4ms)[0m   [0mCREATE TABLE `submissions` (`id` int(11) DEFAULT NULL auto_increment PRIMARY KEY, `name` varchar(255), `role` varchar(255), `location` varchar(255), `comment` text, `created_at` datetime, `updated_at` datetime) ENGINE=InnoDB[0m
  [4;36;1mSQL (0.5ms)[0m   [0;1mINSERT INTO schema_migrations (version) VALUES ('20100206220139')[0m
  [4;35;1mSQL (0.5ms)[0m   [0mSHOW TABLES[0m
  [4;36;1mSQL (0.2ms)[0m   [0;1mSELECT version FROM schema_migrations[0m
  [4;35;1mSQL (0.3ms)[0m   [0mSHOW TABLES[0m
  [4;36;1mSQL (50.7ms)[0m   [0;1mSHOW FIELDS FROM `submissions`[0m
  [4;35;1mSQL (2.4ms)[0m   [0mdescribe `submissions`[0m
  [4;36;1mSQL (0.4ms)[0m   [0;1mSHOW KEYS FROM `submissions`[0m
  [4;36;1mSQL (0.1ms)[0m   [0;1mSET NAMES 'utf8'[0m
  [4;35;1mSQL (0.1ms)[0m   [0mSET SQL_AUTO_IS_NULL=0[0m
  [4;36;1mSQL (0.4ms)[0m   [0;1mSHOW TABLES[0m
  [4;35;1mSQL (0.2ms)[0m   [0mSELECT version FROM schema_migrations[0m
  [4;36;1mSQL (0.1ms)[0m   [0;1mSET NAMES 'utf8'[0m
  [4;35;1mSQL (0.1ms)[0m   [0mSET SQL_AUTO_IS_NULL=0[0m
  [4;36;1mSQL (52.2ms)[0m   [0;1mDROP DATABASE IF EXISTS `field_voices_test`[0m
  [4;35;1mSQL (0.4ms)[0m   [0mCREATE DATABASE `field_voices_test` DEFAULT CHARACTER SET `utf8`[0m
  [4;36;1mSQL (0.1ms)[0m   [0;1mSET NAMES 'utf8'[0m
  [4;35;1mSQL (0.1ms)[0m   [0mSET SQL_AUTO_IS_NULL=0[0m
  [4;36;1mSQL (0.5ms)[0m   [0;1mSHOW TABLES[0m
  [4;35;1mSQL (99.7ms)[0m   [0mCREATE TABLE `submissions` (`id` int(11) DEFAULT NULL auto_increment PRIMARY KEY, `name` varchar(255), `role` varchar(255), `location` varchar(255), `comment` text, `created_at` datetime, `updated_at` datetime) ENGINE=InnoDB[0m
  [4;36;1mSQL (0.5ms)[0m   [0;1mSHOW TABLES[0m
  [4;35;1mSQL (208.1ms)[0m   [0mCREATE TABLE `schema_migrations` (`version` varchar(255) NOT NULL) ENGINE=InnoDB[0m
  [4;36;1mSQL (147.9ms)[0m   [0;1mCREATE UNIQUE INDEX `unique_schema_migrations` ON `schema_migrations` (`version`)[0m
  [4;35;1mSQL (0.4ms)[0m   [0mSHOW TABLES[0m
  [4;36;1mSQL (0.3ms)[0m   [0;1mSELECT version FROM `schema_migrations`[0m
  [4;35;1mSQL (0.2ms)[0m   [0mINSERT INTO `schema_migrations` (version) VALUES ('20100206220139')[0m
  [4;36;1mSQL (0.2ms)[0m   [0;1mSET NAMES 'utf8'[0m
  [4;35;1mSQL (0.1ms)[0m   [0mSET SQL_AUTO_IS_NULL=0[0m


Processing SubmissionsController#index (for 127.0.0.1 at 2010-02-06 15:06:09) [GET]
  [4;36;1mSubmission Load (0.3ms)[0m   [0;1mSELECT * FROM `submissions` [0m
Rendering template within layouts/submissions
Rendering submissions/index
Completed in 34ms (View: 29, DB: 1) | 200 OK [http://127.0.0.1/submissions]
  [4;35;1mSQL (0.1ms)[0m   [0mSET NAMES 'utf8'[0m
  [4;36;1mSQL (0.1ms)[0m   [0;1mSET SQL_AUTO_IS_NULL=0[0m


Processing SubmissionsController#new (for 127.0.0.1 at 2010-02-06 15:06:21) [GET]
  [4;35;1mSubmission Columns (10.5ms)[0m   [0mSHOW FIELDS FROM `submissions`[0m
Rendering template within layouts/submissions
Rendering submissions/new
Completed in 28ms (View: 12, DB: 11) | 200 OK [http://127.0.0.1/submissions/new]
  [4;36;1mSQL (0.1ms)[0m   [0;1mSET NAMES 'utf8'[0m
  [4;35;1mSQL (0.1ms)[0m   [0mSET SQL_AUTO_IS_NULL=0[0m


Processing SubmissionsController#new (for 127.0.0.1 at 2010-02-06 15:06:33) [GET]
  [4;36;1mSubmission Columns (10.6ms)[0m   [0;1mSHOW FIELDS FROM `submissions`[0m
Rendering template within layouts/submissions
Rendering submissions/new
Completed in 82ms (View: 67, DB: 11) | 200 OK [http://127.0.0.1/submissions/new]
  [4;35;1mSQL (0.1ms)[0m   [0mSET NAMES 'utf8'[0m
  [4;36;1mSQL (0.1ms)[0m   [0;1mSET SQL_AUTO_IS_NULL=0[0m


Processing SubmissionsController#index (for 127.0.0.1 at 2010-02-06 15:06:45) [GET]
  [4;35;1mSubmission Load (0.3ms)[0m   [0mSELECT * FROM `submissions` [0m
Rendering template within layouts/submissions
Rendering submissions/index
Completed in 5ms (View: 1, DB: 1) | 200 OK [http://127.0.0.1/submissions]
